<?xml version="1.0" encoding="UTF-8"?>
<testsuite name="NotificationManagerTest" tests="1" skipped="0" failures="0" errors="0" timestamp="2024-12-15T02:40:45" hostname="Madelines-MacBook-Pro.local" time="0.464">
  <properties/>
  <testcase name="sendSaleNotificationsOut_withListOfTasks_callsRunOnEach()" classname="NotificationManagerTest" time="0.464"/>
  <system-out><![CDATA[]]></system-out>
  <system-err><![CDATA[]]></system-err>
</testsuite>
